{
  "RSpec": {
    "coverage": {
      "/Users/Alex/Desktop/TripleB/app/controllers/alerts_controller.rb": [
        1,
        null,
        1,
        3,
        0,
        null,
        3,
        null,
        null,
        null,
        1,
        2,
        null,
        null,
        1,
        3,
        3,
        1,
        2,
        1,
        null,
        1,
        null,
        null,
        null,
        1,
        4,
        4,
        2,
        null,
        2,
        null,
        null,
        null,
        1,
        3,
        3,
        null,
        3,
        null,
        0,
        null,
        null,
        null,
        1,
        2,
        2,
        null,
        null,
        1,
        null,
        1,
        7,
        null,
        null,
        null
      ],
      "/Users/Alex/Desktop/TripleB/app/controllers/application_controller.rb": [
        1,
        null,
        null,
        1,
        null,
        1,
        7,
        null,
        1,
        null,
        1,
        10,
        null,
        1,
        null,
        null
      ],
      "/Users/Alex/Desktop/TripleB/app/controllers/sessions_controller.rb": [
        1,
        null,
        1,
        null,
        null,
        1,
        2,
        2,
        2,
        2,
        null,
        0,
        null,
        null,
        null,
        1,
        1,
        1,
        null,
        null,
        null
      ],
      "/Users/Alex/Desktop/TripleB/app/controllers/users_controller.rb": [
        1,
        null,
        1,
        3,
        null,
        null,
        1,
        2,
        2,
        2,
        2,
        null,
        0,
        null,
        null,
        null,
        1,
        1,
        1,
        1,
        null,
        null,
        1,
        4,
        null,
        null,
        1,
        2,
        2,
        2,
        null,
        0,
        null,
        null,
        null,
        null,
        1,
        null,
        1,
        4,
        null,
        null,
        null
      ],
      "/Users/Alex/Desktop/TripleB/app/models/alert.rb": [
        1,
        1,
        1,
        1,
        1,
        null,
        1,
        null,
        1,
        1,
        1,
        1,
        1,
        1,
        null,
        0,
        null,
        null,
        null,
        1,
        2,
        4,
        null,
        null,
        null,
        1,
        0,
        null,
        null
      ],
      "/Users/Alex/Desktop/TripleB/app/models/tag.rb": [
        1,
        1,
        1,
        null,
        1,
        null
      ],
      "/Users/Alex/Desktop/TripleB/app/models/user.rb": [
        1,
        1,
        1,
        1,
        1,
        1,
        null,
        1,
        1,
        null
      ],
      "/Users/Alex/Desktop/TripleB/app/controllers/welcome_controller.rb": [
        1,
        null,
        1,
        3,
        null,
        null,
        null
      ],
      "/Users/Alex/Desktop/TripleB/app/models/alert_tag.rb": [
        1,
        1,
        1,
        null
      ]
    },
    "timestamp": 1442774367
  }
}
