{
  "RSpec": {
    "coverage": {
      "/Users/Alex/Desktop/TripleB/app/models/alert.rb": [
        1,
        1,
        null,
        1,
        null,
        1,
        1,
        1,
        null,
        null,
        1,
        null,
        1,
        3,
        null,
        null,
        null,
        null
      ],
      "/Users/Alex/Desktop/TripleB/app/models/concerns/time_diff.rb": [
        1,
        null,
        1,
        3,
        3,
        3,
        3,
        0,
        3,
        0,
        3,
        0,
        3,
        1,
        2,
        1,
        null,
        1,
        null,
        null,
        null,
        null
      ],
      "/Users/Alex/Desktop/TripleB/app/models/user.rb": [
        1,
        null,
        1,
        1,
        null,
        1,
        null,
        1,
        1,
        1,
        null,
        null,
        1,
        1,
        1,
        null,
        1,
        1,
        null,
        null,
        null,
        null
      ],
      "/Users/Alex/Desktop/TripleB/app/models/location.rb": [
        1,
        1,
        1,
        3,
        3,
        null,
        1,
        null,
        null,
        null,
        null,
        null,
        null
      ]
    },
    "timestamp": 1443039076
  }
}
